<?xml version="1.0" encoding="UTF-8"?>
<!-- Generated by org.testng.reporters.JUnitXMLReporter -->
<testsuite hostname="SFO1212397664R" name="TC1" tests="5" failures="3" timestamp="13 Sep 2014 21:53:23 GMT" time="32.94" errors="0">
  <testcase name="loginPage" time="2.826" classname="com.ge.ams.perf.testcases.lia.TC1"/>
  <testcase name="homePage" time="0.029" classname="com.ge.ams.perf.testcases.lia.TC1"/>
  <testcase name="OpenModelPage" time="0.036" classname="com.ge.ams.perf.testcases.lia.TC1">
    <failure type="org.openqa.selenium.NoSuchElementException" message="no such element
  (Session info: chrome=37.0.2062.120)
  (Driver info: chromedriver=2.9.248307,platform=Mac OS X 10.9.2 x86_64) (WARNING: The server did not provide any stacktrace information)
Command duration or timeout: 35 milliseconds
For documentation on this error, please visit: http://seleniumhq.org/exceptions/no_such_element.html
Build info: version: &amp;apos;2.25.0&amp;apos;, revision: &amp;apos;17482&amp;apos;, time: &amp;apos;2012-07-18 22:18:01&amp;apos;
System info: os.name: &amp;apos;Mac OS X&amp;apos;, os.arch: &amp;apos;x86_64&amp;apos;, os.version: &amp;apos;10.9.2&amp;apos;, java.version: &amp;apos;1.7.0_51&amp;apos;
Driver info: driver.version: RemoteWebDriver
Session ID: f269a57e4b5d7e5d55d662f8f3e87bb0">
      <![CDATA[org.openqa.selenium.NoSuchElementException: no such element
  (Session info: chrome=37.0.2062.120)
  (Driver info: chromedriver=2.9.248307,platform=Mac OS X 10.9.2 x86_64) (WARNING: The server did not provide any stacktrace information)
Command duration or timeout: 35 milliseconds
For documentation on this error, please visit: http://seleniumhq.org/exceptions/no_such_element.html
Build info: version: '2.25.0', revision: '17482', time: '2012-07-18 22:18:01'
System info: os.name: 'Mac OS X', os.arch: 'x86_64', os.version: '10.9.2', java.version: '1.7.0_51'
Driver info: driver.version: RemoteWebDriver
Session ID: f269a57e4b5d7e5d55d662f8f3e87bb0
	at org.openqa.selenium.remote.ErrorHandler.createThrowable(ErrorHandler.java:188)
	at org.openqa.selenium.remote.ErrorHandler.throwIfResponseFailed(ErrorHandler.java:145)
	at org.openqa.selenium.remote.RemoteWebDriver.execute(RemoteWebDriver.java:498)
	at org.openqa.selenium.remote.RemoteWebDriver.findElement(RemoteWebDriver.java:268)
	at org.openqa.selenium.remote.RemoteWebDriver.findElementByXPath(RemoteWebDriver.java:353)
	at org.openqa.selenium.By$ByXPath.findElement(By.java:343)
	at org.openqa.selenium.remote.RemoteWebDriver.findElement(RemoteWebDriver.java:260)
	at com.ge.ams.perf.library.ui.lia.DashboardPage.OpenModelPage(DashboardPage.java:182)
	at com.ge.ams.perf.testcases.lia.TC1.OpenModelPage(TC1.java:82)
... Removed 28 stack frames]]>
    </failure>
  </testcase> <!-- OpenModelPage -->
  <testcase name="PartPage" time="0.001" classname="com.ge.ams.perf.testcases.lia.TC1">
    <failure type="java.lang.NullPointerException">
      <![CDATA[java.lang.NullPointerException
	at com.ge.ams.perf.testcases.lia.TC1.PartPage(TC1.java:116)
... Removed 24 stack frames]]>
    </failure>
  </testcase> <!-- PartPage -->
  <testcase name="createPart" time="0.001" classname="com.ge.ams.perf.testcases.lia.TC1">
    <failure type="java.lang.NullPointerException">
      <![CDATA[java.lang.NullPointerException
	at com.ge.ams.perf.testcases.lia.TC1.createPart(TC1.java:129)
... Removed 24 stack frames]]>
    </failure>
  </testcase> <!-- createPart -->
</testsuite> <!-- TC1 -->
